<?xml version="1.0" encoding="UTF-8"?>
<!-- Generated by org.testng.reporters.JUnitReportReporter -->
<testsuite hostname="DESKTOP-I85STP7" failures="0" tests="1" name="lab_6.Thu_nghiem" time="5.302" errors="0" timestamp="2023-04-01T03:34:33 ICT" skipped="0">
  <testcase classname="lab_6.Thu_nghiem" name="TC_001" time="5.302"/>
  <system-out/>
</testsuite> <!-- lab_6.Thu_nghiem -->
