<?xml version="1.0" encoding="UTF-8"?>
<!-- Generated by org.testng.reporters.JUnitReportReporter -->
<testsuite hostname="DESKTOP-I85STP7" failures="0" tests="1" name="lab_6.Lab_6" time="32.183" errors="0" timestamp="2023-04-24T20:07:48 ICT" skipped="0">
  <testcase classname="lab_6.Lab_6" name="TC_001" time="32.183"/>
  <system-out/>
</testsuite> <!-- lab_6.Lab_6 -->
