<?xml version="1.0" encoding="UTF-8"?>
<!-- Generated by org.testng.reporters.JUnitReportReporter -->
<testsuite hostname="DESKTOP-I85STP7" failures="0" tests="1" name="lab_6.Thu_nghiem_2" time="7.651" errors="0" timestamp="2023-03-31T19:46:39 ICT" skipped="0">
  <testcase classname="lab_6.Thu_nghiem_2" name="TC_000009" time="7.651"/>
  <system-out/>
</testsuite> <!-- lab_6.Thu_nghiem_2 -->
